<?xml version="1.0" encoding="UTF-8"?>
<testsuite name="de.htwg.se.arimaa.model.PlayerTest" tests="3" skipped="0" failures="0" errors="0" timestamp="2016-04-22T10:08:42" hostname="3dlab11" time="0.0">
  <properties/>
  <testcase name="testgetName" classname="de.htwg.se.arimaa.model.PlayerTest" time="0.0"/>
  <testcase name="testgetFigur" classname="de.htwg.se.arimaa.model.PlayerTest" time="0.0"/>
  <testcase name="testsetFigur" classname="de.htwg.se.arimaa.model.PlayerTest" time="0.0"/>
  <system-out><![CDATA[]]></system-out>
  <system-err><![CDATA[]]></system-err>
</testsuite>
