<?xml version="1.0" encoding="UTF-8"?>
<testsuite name="de.htwg.se.arimaa.util.character.PositionTest" tests="2" skipped="0" failures="0" errors="0" timestamp="2016-04-22T10:08:42" hostname="3dlab11" time="0.004">
  <properties/>
  <testcase name="testequal" classname="de.htwg.se.arimaa.util.character.PositionTest" time="0.004"/>
  <testcase name="testgetPosition" classname="de.htwg.se.arimaa.util.character.PositionTest" time="0.0"/>
  <system-out><![CDATA[]]></system-out>
  <system-err><![CDATA[]]></system-err>
</testsuite>
